<?xml version="1.0" encoding="UTF-8"?>
<!-- Generated by org.testng.reporters.JUnitXMLReporter -->
<testsuite hostname="innoppl-PC" name="homePage" tests="5" failures="0" timestamp="28 Dec 2018 14:51:47 GMT" time="0.014" errors="0">
  <testcase name="bannerBlock" time="0.002" classname="udemy.AnnotationsDemo2"/>
  <testcase name="contentBlock" time="0.001" classname="udemy.AnnotationsDemo2"/>
  <testcase name="footerBlock" time="0.001" classname="udemy.AnnotationsDemo2"/>
  <testcase name="headerBlock" time="0.001" classname="udemy.AnnotationsDemo2"/>
  <testcase name="homePage" time="0.001" classname="udemy.AnnotationsDemo2"/>
</testsuite> <!-- homePage -->
