<?xml version="1.0" encoding="UTF-8"?>
<!-- Generated by org.testng.reporters.JUnitXMLReporter -->
<testsuite hostname="innoppl-PC" name="LoginPage" tests="8" failures="0" timestamp="21 Feb 2019 20:38:45 GMT" time="13.222" errors="0">
  <testcase name="confirmationMessage" time="0.03" classname="udemy.AnnotationsDemo1"/>
  <testcase name="confirmationMessage" time="0.002" classname="udemy.AnnotationsDemo1"/>
  <testcase name="confirmationMessage" time="0.001" classname="udemy.AnnotationsDemo1"/>
  <testcase name="createAccountPage" time="0.001" classname="udemy.AnnotationsDemo1"/>
  <testcase name="fetchURL" time="0.0" classname="udemy.AnnotationsDemo1">
    <skipped/>
  </testcase> <!-- fetchURL -->
  <testcase name="innoCnt" time="13.064" classname="udemy.AnnotationsDemo1"/>
  <testcase name="loginPage" time="0.043" classname="udemy.AnnotationsDemo1"/>
  <testcase name="forgotPassword" time="0.001" classname="udemy.AnnotationsDemo1"/>
</testsuite> <!-- LoginPage -->
