<?xml version="1.0" encoding="UTF-8"?>
<!-- Generated by org.testng.reporters.JUnitXMLReporter -->
<testsuite hostname="innoppl-PC" name="LoginPage" tests="5" failures="0" timestamp="28 Dec 2018 14:51:47 GMT" time="0.088" errors="0">
  <testcase name="confirmationMessage" time="0.021" classname="udemy.AnnotationsDemo1"/>
  <testcase name="createAccountPage" time="0.003" classname="udemy.AnnotationsDemo1"/>
  <testcase name="fetchURL" time="0.001" classname="udemy.AnnotationsDemo1"/>
  <testcase name="loginPage" time="0.014" classname="udemy.AnnotationsDemo1"/>
  <testcase name="forgotPassword" time="0.002" classname="udemy.AnnotationsDemo1"/>
</testsuite> <!-- LoginPage -->
