<?xml version="1.0" encoding="UTF-8"?>
<!-- Generated by org.testng.reporters.JUnitXMLReporter -->
<testsuite hostname="innoppl-PC" name="PDP" tests="8" failures="0" timestamp="28 Dec 2018 14:51:47 GMT" time="0.032" errors="0">
  <testcase name="dataPro" time="0.002" classname="udemy.AnnotationsDemo3"/>
  <testcase name="dataPro" time="0.001" classname="udemy.AnnotationsDemo3"/>
  <testcase name="dataPro" time="0.001" classname="udemy.AnnotationsDemo3"/>
  <testcase name="mobilePDPmainMenu" time="0.006" classname="udemy.AnnotationsDemo3"/>
  <testcase name="mobilePDPsubmenu" time="0.001" classname="udemy.AnnotationsDemo3"/>
  <testcase name="productDetailPage" time="0.001" classname="udemy.AnnotationsDemo3"/>
  <testcase name="webPDPsubmenu" time="0.001" classname="udemy.AnnotationsDemo3"/>
  <testcase name="webPFPmainMenu" time="0.001" classname="udemy.AnnotationsDemo3"/>
</testsuite> <!-- PDP -->
